{
  "RSpec": {
    "coverage": {
      "/Users/emma/Documents/Programming/Animal-Shelter-Group-Project/app/models/admin.rb": [
        1,
        null,
        null,
        1,
        null,
        null,
        null,
        null
      ],
      "/Users/emma/Documents/Programming/Animal-Shelter-Group-Project/app/helpers/application_helper.rb": [
        1,
        null
      ],
      "/Users/emma/Documents/Programming/Animal-Shelter-Group-Project/app/helpers/application_forms_helper.rb": [
        1,
        null
      ],
      "/Users/emma/Documents/Programming/Animal-Shelter-Group-Project/app/helpers/breeds_helper.rb": [
        1,
        null
      ],
      "/Users/emma/Documents/Programming/Animal-Shelter-Group-Project/app/helpers/pet_images_helper.rb": [
        1,
        null
      ],
      "/Users/emma/Documents/Programming/Animal-Shelter-Group-Project/app/helpers/pets_helper.rb": [
        1,
        null
      ],
      "/Users/emma/Documents/Programming/Animal-Shelter-Group-Project/app/helpers/sessions_helper.rb": [
        1,
        null
      ],
      "/Users/emma/Documents/Programming/Animal-Shelter-Group-Project/app/helpers/states_helper.rb": [
        1,
        null,
        1,
        null,
        26,
        null,
        null,
        null,
        null,
        null,
        null,
        null,
        null,
        null,
        null,
        null,
        null,
        null,
        null,
        null,
        null,
        null,
        null,
        null,
        null,
        null,
        null,
        null,
        null,
        null,
        null,
        null,
        null,
        null,
        null,
        null,
        null,
        null,
        null,
        null,
        null,
        null,
        null,
        null,
        null,
        null,
        null,
        null,
        null,
        null,
        null,
        null,
        null,
        null,
        null,
        null,
        null,
        null,
        null
      ],
      "/Users/emma/Documents/Programming/Animal-Shelter-Group-Project/app/controllers/application_forms_controller.rb": [
        1,
        1,
        1,
        null,
        null,
        null,
        null,
        1,
        12,
        null,
        null,
        null,
        null,
        1,
        null,
        null,
        null,
        null,
        1,
        26,
        null,
        null,
        null,
        1,
        null,
        null,
        null,
        null,
        1,
        20,
        null,
        20,
        20,
        38,
        19,
        null,
        2,
        1,
        null,
        null,
        null,
        null,
        null,
        null,
        null,
        null,
        null,
        null,
        null,
        null,
        null,
        null,
        null,
        null,
        null,
        null,
        null,
        null,
        1,
        1,
        1,
        2,
        1,
        null,
        null,
        null,
        1,
        null,
        1,
        20,
        null,
        null,
        null,
        1,
        20,
        null,
        null
      ],
      "/Users/emma/Documents/Programming/Animal-Shelter-Group-Project/app/controllers/application_controller.rb": [
        1,
        null,
        null,
        null,
        null,
        1,
        1,
        null,
        null,
        null,
        null,
        1,
        null,
        1,
        34,
        null,
        null,
        null
      ],
      "/Users/emma/Documents/Programming/Animal-Shelter-Group-Project/app/controllers/breeds_controller.rb": [
        1,
        1,
        null,
        null,
        null,
        1,
        7,
        null,
        null,
        null,
        null,
        1,
        null,
        null,
        null,
        1,
        3,
        null,
        null,
        null,
        1,
        null,
        null,
        null,
        null,
        1,
        3,
        null,
        3,
        3,
        6,
        3,
        null,
        null,
        null,
        null,
        null,
        null,
        null,
        null,
        null,
        1,
        1,
        1,
        2,
        1,
        null,
        null,
        null,
        null,
        null,
        null,
        null,
        null,
        null,
        1,
        1,
        1,
        2,
        1,
        null,
        null,
        null,
        null,
        null,
        null,
        null,
        null,
        null,
        null,
        null,
        null,
        null,
        null,
        null,
        null,
        1,
        null,
        1,
        7,
        null,
        null,
        null,
        1,
        4,
        null,
        null,
        null,
        null,
        null,
        null,
        null
      ],
      "/Users/emma/Documents/Programming/Animal-Shelter-Group-Project/app/controllers/sessions_controller.rb": [
        1,
        null,
        1,
        null,
        1,
        2,
        2,
        2,
        2,
        null,
        null,
        1,
        1,
        1,
        null,
        null
      ],
      "/Users/emma/Documents/Programming/Animal-Shelter-Group-Project/app/models/breed.rb": [
        1,
        1,
        null,
        null,
        null
      ],
      "/Users/emma/Documents/Programming/Animal-Shelter-Group-Project/app/models/application_form.rb": [
        1,
        1,
        null,
        1,
        1,
        1,
        1,
        null,
        null
      ],
      "/Users/emma/Documents/Programming/Animal-Shelter-Group-Project/app/models/pet_image.rb": [
        1,
        1,
        null,
        1,
        null,
        1,
        null,
        null,
        null,
        null,
        null
      ],
      "/Users/emma/Documents/Programming/Animal-Shelter-Group-Project/app/models/pet.rb": [
        1,
        null,
        1,
        null,
        1,
        1,
        null,
        1,
        null,
        1,
        null,
        null,
        null
      ],
      "/Users/emma/Documents/Programming/Animal-Shelter-Group-Project/app/controllers/home_controller.rb": [
        1,
        null,
        null,
        null,
        null,
        null,
        1,
        null,
        null
      ],
      "/Users/emma/Documents/Programming/Animal-Shelter-Group-Project/app/controllers/pets_controller.rb": [
        1,
        1,
        null,
        1,
        null,
        null,
        null,
        1,
        5,
        null,
        null,
        1,
        1,
        null,
        null,
        null,
        null,
        null,
        1,
        null,
        null,
        null,
        1,
        20,
        null,
        null,
        null,
        1,
        4,
        null,
        null,
        null,
        null,
        1,
        19,
        19,
        19,
        null,
        19,
        19,
        16,
        32,
        16,
        null,
        6,
        3,
        null,
        null,
        null,
        null,
        null,
        null,
        1,
        2,
        2,
        null,
        2,
        2,
        1,
        null,
        2,
        1,
        null,
        2,
        1,
        null,
        null,
        null,
        null,
        null,
        null,
        1,
        1,
        1,
        2,
        1,
        null,
        null,
        null,
        1,
        18,
        null,
        18,
        1,
        null,
        1,
        1,
        1,
        null,
        1,
        1,
        1,
        3,
        1,
        1,
        1,
        null,
        null,
        4,
        4,
        null,
        3,
        3,
        3,
        7,
        3,
        null,
        null,
        null,
        null,
        10,
        null,
        null,
        null,
        null,
        null,
        null,
        null,
        null,
        null,
        null,
        null,
        18,
        null,
        null,
        1,
        1,
        1,
        null,
        1,
        1,
        null,
        1,
        null,
        null,
        1,
        null,
        1,
        24,
        null,
        null,
        null,
        null,
        null,
        null,
        1,
        21,
        null,
        null,
        1,
        17,
        1,
        1,
        null,
        null,
        17,
        null,
        null,
        null,
        null,
        1,
        21,
        null,
        21,
        21,
        84,
        15,
        15,
        15,
        null,
        84,
        null,
        null,
        null,
        null
      ],
      "/Users/emma/Documents/Programming/Animal-Shelter-Group-Project/app/models/user.rb": [
        1,
        null,
        1,
        2,
        2,
        2,
        2,
        2,
        null,
        null,
        null
      ]
    },
    "timestamp": 1448040327
  }
}
