{
  "RSpec": {
    "coverage": {
      "/Users/emma/Documents/Programming/Animal-Shelter-Group-Project/app/models/admin.rb": [
        1,
        null,
        null,
        1,
        null,
        null,
        null,
        null
      ],
      "/Users/emma/Documents/Programming/Animal-Shelter-Group-Project/app/helpers/application_helper.rb": [
        1,
        null
      ],
      "/Users/emma/Documents/Programming/Animal-Shelter-Group-Project/app/helpers/application_forms_helper.rb": [
        1,
        null
      ],
      "/Users/emma/Documents/Programming/Animal-Shelter-Group-Project/app/helpers/breeds_helper.rb": [
        1,
        null
      ],
      "/Users/emma/Documents/Programming/Animal-Shelter-Group-Project/app/helpers/pet_images_helper.rb": [
        1,
        null
      ],
      "/Users/emma/Documents/Programming/Animal-Shelter-Group-Project/app/helpers/pets_helper.rb": [
        1,
        null
      ],
      "/Users/emma/Documents/Programming/Animal-Shelter-Group-Project/app/helpers/sessions_helper.rb": [
        1,
        null
      ],
      "/Users/emma/Documents/Programming/Animal-Shelter-Group-Project/app/helpers/states_helper.rb": [
        1,
        null,
        1,
        null,
        0,
        null,
        null,
        null,
        null,
        null,
        null,
        null,
        null,
        null,
        null,
        null,
        null,
        null,
        null,
        null,
        null,
        null,
        null,
        null,
        null,
        null,
        null,
        null,
        null,
        null,
        null,
        null,
        null,
        null,
        null,
        null,
        null,
        null,
        null,
        null,
        null,
        null,
        null,
        null,
        null,
        null,
        null,
        null,
        null,
        null,
        null,
        null,
        null,
        null,
        null,
        null,
        null,
        null,
        null
      ],
      "/Users/emma/Documents/Programming/Animal-Shelter-Group-Project/app/controllers/application_controller.rb": [
        1,
        null,
        null,
        null,
        null,
        1,
        1,
        null,
        null,
        null,
        null,
        1,
        null,
        1,
        0,
        null,
        null,
        null
      ],
      "/Users/emma/Documents/Programming/Animal-Shelter-Group-Project/app/controllers/pets_controller.rb": [
        1,
        1,
        null,
        1,
        null,
        null,
        null,
        1,
        0,
        null,
        null,
        1,
        0,
        null,
        null,
        null,
        null,
        null,
        1,
        null,
        null,
        null,
        1,
        14,
        null,
        null,
        null,
        1,
        0,
        null,
        null,
        null,
        null,
        1,
        14,
        14,
        14,
        null,
        14,
        14,
        14,
        28,
        14,
        null,
        0,
        0,
        null,
        null,
        null,
        null,
        null,
        null,
        1,
        0,
        0,
        null,
        0,
        0,
        0,
        null,
        0,
        0,
        null,
        0,
        0,
        null,
        null,
        null,
        null,
        null,
        null,
        1,
        0,
        0,
        0,
        0,
        null,
        null,
        null,
        1,
        0,
        null,
        0,
        0,
        null,
        0,
        0,
        0,
        null,
        0,
        0,
        0,
        0,
        0,
        0,
        0,
        null,
        null,
        0,
        0,
        null,
        0,
        0,
        0,
        0,
        0,
        null,
        null,
        null,
        null,
        0,
        null,
        null,
        null,
        null,
        null,
        null,
        null,
        null,
        null,
        null,
        null,
        0,
        null,
        null,
        1,
        0,
        0,
        null,
        0,
        0,
        null,
        0,
        null,
        null,
        1,
        null,
        1,
        14,
        null,
        null,
        null,
        null,
        null,
        null,
        1,
        14,
        null,
        null,
        1,
        14,
        0,
        0,
        null,
        null,
        14,
        null,
        null,
        null,
        null,
        1,
        14,
        null,
        14,
        14,
        56,
        14,
        14,
        14,
        null,
        56,
        null,
        null,
        null,
        null
      ],
      "/Users/emma/Documents/Programming/Animal-Shelter-Group-Project/app/models/pet.rb": [
        1,
        null,
        1,
        null,
        1,
        1,
        null,
        1,
        null,
        1,
        null,
        null,
        null
      ],
      "/Users/emma/Documents/Programming/Animal-Shelter-Group-Project/app/models/pet_image.rb": [
        1,
        1,
        null,
        1,
        null,
        1,
        null,
        null,
        null,
        null,
        null
      ],
      "/Users/emma/Documents/Programming/Animal-Shelter-Group-Project/app/models/breed.rb": [
        1,
        1,
        null,
        null,
        null
      ]
    },
    "timestamp": 1448004492
  }
}
